{"level":"info","message":"Test Case Started : @Smoke Verify Elumina Login"}
{"level":"info","message":"Executing Step : Navigate to Application"}
{"level":"info","message":"Executing Step : Login to Elumina application"}
{"level":"info","message":"Executing Step : Verify User is logged in and navigated to Elumina Homepage"}
{"level":"info","message":"Test Case Completed : @Smoke Verify Elumina Login Status : failed"}
{"level":"info","message":"Test Case Started : @Smoke Verify Elumina Login"}
{"level":"info","message":"Executing Step : Navigate to Application"}
{"level":"info","message":"Executing Step : Login to Elumina application"}
{"level":"info","message":"Executing Step : Verify User is logged in and navigated to Elumina Homepage"}
{"level":"info","message":"Executing Step : Navigate to exam Tab and Create New Exam"}
{"level":"info","message":"Test Case Completed : @Smoke Verify Elumina Login Status : failed"}
{"level":"info","message":"Test Case Started : @Smoke Verify Elumina Registration"}
{"level":"info","message":"Executing Step : Navigate to Application"}
{"level":"info","message":"Test Case Completed : @Smoke Verify Elumina Registration Status : interrupted"}
{"level":"error","message":"File not found: C:\\Users\\Divyashree\\Desktop\\githubMerge\\11-07-2023\\Elumina\\html-report"}
{"level":"info","message":"Test Case Started : @Smoke Verify Elumina Login"}
{"level":"info","message":"Executing Step : Navigate to Application"}
{"level":"info","message":"Executing Step : Login to Elumina application"}
{"level":"info","message":"Executing Step : Verify User is logged in and navigated to Elumina Homepage"}
{"level":"info","message":"Executing Step : Navigate to exam Tab and Create New Exam"}
{"level":"info","message":"Test Case Completed : @Smoke Verify Elumina Login Status : passed"}
{"level":"info","message":"Test Case Started : @Smoke Verify Elumina Registration"}
{"level":"info","message":"Executing Step : Navigate to Application"}
{"level":"info","message":"Executing Step : Login to Elumina application"}
{"level":"info","message":"Executing Step : Navigate to exam Tab and Create New user"}
{"level":"info","message":"Test Case Completed : @Smoke Verify Elumina Registration Status : passed"}
{"level":"info","message":"Test Case Started : @Regression Validation of user authentication by invalid Candidate Creadentials"}
{"level":"info","message":"Executing Step : Navigate to Application"}
{"level":"info","message":"Executing Step : Candidate Login to application with inactive user"}
{"level":"info","message":"Test Case Completed : @Regression Validation of user authentication by invalid Candidate Creadentials Status : passed"}
{"level":"info","message":"Test Case Started : @Regression Validation of Browser Reload option on Candidate Dashboard"}
{"level":"info","message":"Executing Step : Navigate to Application"}
{"level":"info","message":"Executing Step : Candidate Login to application"}
{"level":"info","message":"Executing Step : Candidate start the exam"}
{"level":"info","message":"Executing Step : Candidate start the exam"}
{"level":"info","message":"Test Case Completed : @Regression Validation of Browser Reload option on Candidate Dashboard Status : passed"}
{"level":"info","message":"Test Case Started : @Smoke Verify Elumina Login"}
{"level":"info","message":"Executing Step : Navigate to Application"}
{"level":"info","message":"Executing Step : Login to Elumina application"}
{"level":"info","message":"Test Case Completed : @Smoke Verify Elumina Login Status : failed"}
{"level":"info","message":"Test Case Started : @Smoke Verify Elumina Login"}
{"level":"info","message":"Executing Step : Navigate to Application"}
{"level":"info","message":"Executing Step : Login to Elumina application"}
{"level":"info","message":"Executing Step : Verify User is logged in and navigated to Elumina Homepage"}
{"level":"info","message":"Executing Step : Navigate to exam Tab and Create New Exam"}
{"level":"info","message":"Test Case Completed : @Smoke Verify Elumina Login Status : passed"}
{"level":"info","message":"Test Case Started : @Smoke Verify Elumina Registration"}
{"level":"info","message":"Executing Step : Navigate to Application"}
{"level":"info","message":"Executing Step : Login to Elumina application"}
{"level":"info","message":"Executing Step : Navigate to exam Tab and Create New user"}
{"level":"info","message":"Test Case Completed : @Smoke Verify Elumina Registration Status : timedOut"}
{"level":"info","message":"Test Case Started : @Smoke Verify Elumina Registration"}
{"level":"info","message":"Executing Step : Navigate to Application"}
{"level":"info","message":"Executing Step : Login to Elumina application"}
{"level":"info","message":"Executing Step : Navigate to exam Tab and Create New user"}
{"level":"info","message":"Test Case Completed : @Smoke Verify Elumina Registration Status : failed"}
{"level":"info","message":"Test Case Started : @Regression Validation of Browser Reload option on Candidate Dashboard"}
{"level":"info","message":"Executing Step : Navigate to Application"}
{"level":"info","message":"Executing Step : Candidate Login to application"}
{"level":"info","message":"Executing Step : Candidate start the exam"}
{"level":"info","message":"Test Case Completed : @Regression Validation of Browser Reload option on Candidate Dashboard Status : failed"}
{"level":"info","message":"Test Case Started : @Regression Validation of Browser Reload option on Candidate Dashboard"}
{"level":"info","message":"Executing Step : Navigate to Application"}
{"level":"info","message":"Executing Step : Candidate Login to application"}
{"level":"info","message":"Test Case Completed : @Regression Validation of Browser Reload option on Candidate Dashboard Status : failed"}
{"level":"info","message":"Test Case Started : @Smoke Verify Elumina Login"}
{"level":"info","message":"Executing Step : Navigate to Application"}
{"level":"info","message":"Executing Step : Login to Elumina application"}
{"level":"info","message":"Executing Step : Verify User is logged in and navigated to Elumina Homepage"}
{"level":"info","message":"Executing Step : Navigate to exam Tab and Create New Exam"}
{"level":"info","message":"Test Case Completed : @Smoke Verify Elumina Login Status : passed"}
{"level":"info","message":"Test Case Started : @Smoke Verify Elumina Registration"}
{"level":"info","message":"Executing Step : Navigate to Application"}
{"level":"info","message":"Executing Step : Login to Elumina application"}
{"level":"info","message":"Executing Step : Navigate to exam Tab and Create New user"}
{"level":"info","message":"Test Case Completed : @Smoke Verify Elumina Registration Status : passed"}
{"level":"info","message":"Test Case Started : @Regression Validation of Browser Reload option on Candidate Dashboard"}
{"level":"info","message":"Executing Step : Navigate to Application"}
{"level":"info","message":"Executing Step : Candidate Login to application"}
{"level":"info","message":"Executing Step : Candidate start the exam"}
{"level":"info","message":"Test Case Completed : @Regression Validation of Browser Reload option on Candidate Dashboard Status : failed"}
{"level":"info","message":"Test Case Started : @Regression Validation of Browser Reload option on Candidate Dashboard"}
{"level":"info","message":"Executing Step : Navigate to Application"}
{"level":"info","message":"Executing Step : Candidate Login to application"}
{"level":"info","message":"Executing Step : Candidate start the exam"}
{"level":"info","message":"Test Case Completed : @Regression Validation of Browser Reload option on Candidate Dashboard Status : timedOut"}
{"level":"info","message":"Test Case Started : @Smoke Verify Elumina Login"}
{"level":"info","message":"Executing Step : Navigate to Application"}
{"level":"info","message":"Executing Step : Login to Elumina application"}
{"level":"info","message":"Executing Step : Verify User is logged in and navigated to Elumina Homepage"}
{"level":"info","message":"Executing Step : Navigate to exam Tab and Create New Exam"}
{"level":"info","message":"Test Case Completed : @Smoke Verify Elumina Login Status : passed"}
{"level":"info","message":"Test Case Started : @Smoke Verify Elumina Registration"}
{"level":"info","message":"Executing Step : Navigate to Application"}
{"level":"info","message":"Executing Step : Login to Elumina application"}
{"level":"info","message":"Executing Step : Navigate to exam Tab and Create New user"}
{"level":"info","message":"Test Case Completed : @Smoke Verify Elumina Registration Status : passed"}
{"level":"info","message":"Test Case Started : @Regression Validation of Browser Reload option on Candidate Dashboard"}
{"level":"info","message":"Executing Step : Navigate to Application"}
{"level":"info","message":"Executing Step : Candidate Login to application"}
{"level":"info","message":"Executing Step : Candidate start the exam"}
{"level":"info","message":"Test Case Completed : @Regression Validation of Browser Reload option on Candidate Dashboard Status : failed"}
{"level":"info","message":"Test Case Started : @Regression Validation of Browser Reload option on Candidate Dashboard"}
{"level":"info","message":"Test Case Completed : @Regression Validation of Browser Reload option on Candidate Dashboard Status : interrupted"}
{"level":"error","message":"Error: duplicate test title \"@Smoke Verify Elumina Login\", first declared in tests\\regression\\EluminaRegressioniProctorTC_017.test.ts:9"}
{"level":"error","message":"Error: duplicate test title \"@Smoke Verify Elumina Registration\", first declared in tests\\regression\\EluminaRegressioniProctorTC_017.test.ts:28"}
{"level":"error","message":"Error: duplicate test title \"@Regression Validation of Browser Reload option on Candidate Dashboard\", first declared in tests\\regression\\EluminaRegressioniProctorTC_017.test.ts:45"}
{"level":"error","message":"Error: duplicate test title \"@Regression Verify Elumina Login\", first declared in tests\\regression\\EluminaRegressioniProctorTC_017.test.ts:9"}
{"level":"error","message":"Error: duplicate test title \"@Regression Verify Elumina Registration\", first declared in tests\\regression\\EluminaRegressioniProctorTC_017.test.ts:28"}
{"level":"error","message":"Error: duplicate test title \"@Regression Validation of Browser Reload option on Candidate Dashboard\", first declared in tests\\regression\\EluminaRegressioniProctorTC_017.test.ts:45"}
